Using pre-set license
Built from '2020.2/staging' branch; Version is '2020.2.7f1 (c53830e277f1) revision 12924976'; Using compiler version '192528614'; Build Type 'Release'
OS: 'Windows 10 Home; OS build 19043.1288; Version 2009; 64bit' Language: 'es' Physical Memory: 8071 MB
BatchMode: 1, IsHumanControllingUs: 0, StartBugReporterOnCrash: 0, Is64bit: 1, IsPro: 0

 COMMAND LINE ARGUMENTS:
C:\Program Files\Unity\Hub\Editor\2020.2.7.f1\Editor\Unity.exe
-adb2
-batchMode
-noUpm
-name
AssetImportWorker0
-projectPath
F:/Uni Stuff/TecnoCampus/4t/1r Trimestre/Desenvolupament de Jocs 3D/Pràctiques/PortalDev3D
-logFile
Logs/AssetImportWorker0.log
-srvPort
59863
Successfully changed project path to: F:/Uni Stuff/TecnoCampus/4t/1r Trimestre/Desenvolupament de Jocs 3D/Pràctiques/PortalDev3D
F:/Uni Stuff/TecnoCampus/4t/1r Trimestre/Desenvolupament de Jocs 3D/Pràctiques/PortalDev3D
Using Asset Import Pipeline V2.
Assets/PortalAssets/Modelos/Reflect Cube/Portal Refraction Cube.c4d: Unity no longer supports importing Cinema 4D files directly, but we're working with Maxon to make the experience better. To import Cinema 4D files, install Maxon's external importer. You can find more information on the Unity Forum: https://on.unity.com/c4d.

Please note that FBX files exported from Cinema4D are still supported.

Refreshing native plugins compatible for Editor in 26.54 ms, found 0 plugins.
Preloading 0 native plugins for Editor in 0.00 ms.
Initialize engine version: 2020.2.7f1 (c53830e277f1)
[Subsystems] Discovering subsystems at path C:/Program Files/Unity/Hub/Editor/2020.2.7.f1/Editor/Data/Resources/UnitySubsystems
[Subsystems] Discovering subsystems at path F:/Uni Stuff/TecnoCampus/4t/1r Trimestre/Desenvolupament de Jocs 3D/Pràctiques/PortalDev3D/Assets
GfxDevice: creating device client; threaded=0
Direct3D:
    Version:  Direct3D 11.0 [level 11.1]
    Renderer: NVIDIA GeForce GTX 1050 (ID=0x1c8d)
    Vendor:   
    VRAM:     4019 MB
    Driver:   27.21.14.6280
Initialize mono
Mono path[0] = 'C:/Program Files/Unity/Hub/Editor/2020.2.7.f1/Editor/Data/Managed'
Mono path[1] = 'C:/Program Files/Unity/Hub/Editor/2020.2.7.f1/Editor/Data/MonoBleedingEdge/lib/mono/unityjit'
Mono config path = 'C:/Program Files/Unity/Hub/Editor/2020.2.7.f1/Editor/Data/MonoBleedingEdge/etc'
Using monoOptions --debugger-agent=transport=dt_socket,embedding=1,server=y,suspend=n,address=127.0.0.1:56192
Begin MonoManager ReloadAssembly
Registering precompiled unity dll's ...
Register platform support module: C:/Program Files/Unity/Hub/Editor/2020.2.7.f1/Editor/Data/PlaybackEngines/WindowsStandaloneSupport/UnityEditor.WindowsStandalone.Extensions.dll
Registered in 0.136384 seconds.
Native extension for WindowsStandalone target not found
Assets/PortalAssets/Modelos/Reflect Cube/Portal Refraction Cube.c4d: Unity no longer supports importing Cinema 4D files directly, but we're working with Maxon to make the experience better. To import Cinema 4D files, install Maxon's external importer. You can find more information on the Unity Forum: https://on.unity.com/c4d.

Please note that FBX files exported from Cinema4D are still supported.

Refreshing native plugins compatible for Editor in 25.98 ms, found 0 plugins.
Preloading 0 native plugins for Editor in 0.00 ms.
Invoked RoslynAnalysisRunner static constructor.
RoslynAnalysisRunner will not be running.
RoslynAnalysisRunner has terminated.
Mono: successfully reloaded assembly
- Completed reload, in  4.020 seconds
Platform modules already initialized, skipping
Registering precompiled user dll's ...
Registered in 0.044029 seconds.
Begin MonoManager ReloadAssembly
Native extension for WindowsStandalone target not found
Refreshing native plugins compatible for Editor in 0.34 ms, found 0 plugins.
Preloading 0 native plugins for Editor in 0.00 ms.
Invoked RoslynAnalysisRunner static constructor.
RoslynAnalysisRunner will not be running.
RoslynAnalysisRunner has terminated.
Mono: successfully reloaded assembly
- Completed reload, in  2.224 seconds
Platform modules already initialized, skipping
Assets/PortalAssets/Modelos/Reflect Cube/Portal Refraction Cube.c4d: Unity no longer supports importing Cinema 4D files directly, but we're working with Maxon to make the experience better. To import Cinema 4D files, install Maxon's external importer. You can find more information on the Unity Forum: https://on.unity.com/c4d.

Please note that FBX files exported from Cinema4D are still supported.

========================================================================
Worker process is ready to serve import requests
Assets/PortalAssets/Modelos/Reflect Cube/Portal Refraction Cube.c4d: Unity no longer supports importing Cinema 4D files directly, but we're working with Maxon to make the experience better. To import Cinema 4D files, install Maxon's external importer. You can find more information on the Unity Forum: https://on.unity.com/c4d.

Please note that FBX files exported from Cinema4D are still supported.

Launched and connected shader compiler UnityShaderCompiler.exe after 0.09 seconds
Refreshing native plugins compatible for Editor in 0.24 ms, found 0 plugins.
Preloading 0 native plugins for Editor in 0.00 ms.
Unloading 1120 Unused Serialized files (Serialized files now loaded: 0)
System memory in use before: 69.8 MB.
System memory in use after: 69.9 MB.

Unloading 10 unused Assets to reduce memory usage. Loaded Objects now: 1579.
Total: 3.438400 ms (FindLiveObjects: 0.218300 ms CreateObjectMapping: 0.072900 ms MarkObjects: 2.947400 ms  DeleteObjects: 0.198300 ms)

========================================================================
Received Import Request.
  path: Assets/Companions
  artifactKey: Guid(2f5f29942483bee489aee9ca3b76ac67) Importer(815301076,1909f56bfc062723c751e8b465ee728b)
Start importing Assets/Companions using Guid(2f5f29942483bee489aee9ca3b76ac67) Importer(815301076,1909f56bfc062723c751e8b465ee728b)  -> (artifact id: 'e4ca37462f1d47383994f12c93ea8e61') in 0.015301 seconds
  Import took 0.018320 seconds .

========================================================================
Received Import Request.
  Time since last request: 74.006485 seconds.
  path: Assets/Prefabs/CompanionCube.prefab
  artifactKey: Guid(6d4c04717c50dd148bc7399c40d204e7) Importer(815301076,1909f56bfc062723c751e8b465ee728b)
Start importing Assets/Prefabs/CompanionCube.prefab using Guid(6d4c04717c50dd148bc7399c40d204e7) Importer(815301076,1909f56bfc062723c751e8b465ee728b)  -> (artifact id: '9d6ca4c90ae69076a26e5ea4af022917') in 0.151700 seconds
  Import took 0.154414 seconds .

========================================================================
Received Import Request.
  Time since last request: 4.338299 seconds.
  path: Assets/Prefabs/CompanionCube.prefab
  artifactKey: Guid(6d4c04717c50dd148bc7399c40d204e7) Importer(815301076,1909f56bfc062723c751e8b465ee728b)
Start importing Assets/Prefabs/CompanionCube.prefab using Guid(6d4c04717c50dd148bc7399c40d204e7) Importer(815301076,1909f56bfc062723c751e8b465ee728b)  -> (artifact id: '428871666bba61b5f54d7715ed86a18d') in 0.034866 seconds
  Import took 0.040689 seconds .

========================================================================
Received Import Request.
  Time since last request: 3.405119 seconds.
  path: Assets/Prefabs/CompanionCube.prefab
  artifactKey: Guid(6d4c04717c50dd148bc7399c40d204e7) Importer(815301076,1909f56bfc062723c751e8b465ee728b)
Start importing Assets/Prefabs/CompanionCube.prefab using Guid(6d4c04717c50dd148bc7399c40d204e7) Importer(815301076,1909f56bfc062723c751e8b465ee728b)  -> (artifact id: 'e6bbbefed206c5cb6d6f1539756d6c68') in 0.047819 seconds
  Import took 0.050985 seconds .

========================================================================
Received Import Request.
  Time since last request: 3.504580 seconds.
  path: Assets/Prefabs/CompanionCube.prefab
  artifactKey: Guid(6d4c04717c50dd148bc7399c40d204e7) Importer(815301076,1909f56bfc062723c751e8b465ee728b)
Start importing Assets/Prefabs/CompanionCube.prefab using Guid(6d4c04717c50dd148bc7399c40d204e7) Importer(815301076,1909f56bfc062723c751e8b465ee728b)  -> (artifact id: 'e72c62a5ffcd0078adb26f3a62ca31cd') in 0.035338 seconds
  Import took 0.038030 seconds .

========================================================================
Received Prepare
Assets/PortalAssets/Modelos/Reflect Cube/Portal Refraction Cube.c4d: Unity no longer supports importing Cinema 4D files directly, but we're working with Maxon to make the experience better. To import Cinema 4D files, install Maxon's external importer. You can find more information on the Unity Forum: https://on.unity.com/c4d.

Please note that FBX files exported from Cinema4D are still supported.

Registering precompiled user dll's ...
Registered in 0.000747 seconds.
Begin MonoManager ReloadAssembly
Native extension for WindowsStandalone target not found
Refreshing native plugins compatible for Editor in 0.23 ms, found 0 plugins.
Preloading 0 native plugins for Editor in 0.00 ms.
Invoked RoslynAnalysisRunner static constructor.
RoslynAnalysisRunner will not be running.
RoslynAnalysisRunner has terminated.
Mono: successfully reloaded assembly
- Completed reload, in  0.917 seconds
Platform modules already initialized, skipping
Refreshing native plugins compatible for Editor in 0.34 ms, found 0 plugins.
Preloading 0 native plugins for Editor in 0.00 ms.
Unloading 1115 Unused Serialized files (Serialized files now loaded: 0)
System memory in use before: 72.9 MB.
System memory in use after: 73.0 MB.

Unloading 5 unused Assets to reduce memory usage. Loaded Objects now: 1590.
Total: 2.322200 ms (FindLiveObjects: 0.175200 ms CreateObjectMapping: 0.065500 ms MarkObjects: 1.990800 ms  DeleteObjects: 0.089500 ms)

========================================================================
Received Prepare
Assets/PortalAssets/Modelos/Reflect Cube/Portal Refraction Cube.c4d: Unity no longer supports importing Cinema 4D files directly, but we're working with Maxon to make the experience better. To import Cinema 4D files, install Maxon's external importer. You can find more information on the Unity Forum: https://on.unity.com/c4d.

Please note that FBX files exported from Cinema4D are still supported.

Registering precompiled user dll's ...
Registered in 0.000722 seconds.
Begin MonoManager ReloadAssembly
Native extension for WindowsStandalone target not found
Refreshing native plugins compatible for Editor in 0.42 ms, found 0 plugins.
Preloading 0 native plugins for Editor in 0.00 ms.
Invoked RoslynAnalysisRunner static constructor.
RoslynAnalysisRunner will not be running.
RoslynAnalysisRunner has terminated.
Mono: successfully reloaded assembly
- Completed reload, in  0.937 seconds
Platform modules already initialized, skipping
Refreshing native plugins compatible for Editor in 0.28 ms, found 0 plugins.
Preloading 0 native plugins for Editor in 0.00 ms.
Unloading 1115 Unused Serialized files (Serialized files now loaded: 0)
System memory in use before: 72.9 MB.
System memory in use after: 73.0 MB.

Unloading 5 unused Assets to reduce memory usage. Loaded Objects now: 1593.
Total: 2.321300 ms (FindLiveObjects: 0.151300 ms CreateObjectMapping: 0.044500 ms MarkObjects: 2.040300 ms  DeleteObjects: 0.083800 ms)

========================================================================
Received Import Request.
  Time since last request: 112.881523 seconds.
  path: Assets/Scripts/CompanionSpawner.cs
  artifactKey: Guid(f8f240bcdc307ce48a47caa2a7171610) Importer(815301076,1909f56bfc062723c751e8b465ee728b)
Start importing Assets/Scripts/CompanionSpawner.cs using Guid(f8f240bcdc307ce48a47caa2a7171610) Importer(815301076,1909f56bfc062723c751e8b465ee728b)  -> (artifact id: 'ddc96f3e40cd2760a385e3c233c6b383') in 0.417166 seconds
  Import took 0.419727 seconds .

========================================================================
Received Prepare
Assets/PortalAssets/Modelos/Reflect Cube/Portal Refraction Cube.c4d: Unity no longer supports importing Cinema 4D files directly, but we're working with Maxon to make the experience better. To import Cinema 4D files, install Maxon's external importer. You can find more information on the Unity Forum: https://on.unity.com/c4d.

Please note that FBX files exported from Cinema4D are still supported.

Registering precompiled user dll's ...
Registered in 0.000954 seconds.
Begin MonoManager ReloadAssembly
Native extension for WindowsStandalone target not found
Refreshing native plugins compatible for Editor in 0.23 ms, found 0 plugins.
Preloading 0 native plugins for Editor in 0.00 ms.
Invoked RoslynAnalysisRunner static constructor.
RoslynAnalysisRunner will not be running.
RoslynAnalysisRunner has terminated.
Mono: successfully reloaded assembly
- Completed reload, in  0.864 seconds
Platform modules already initialized, skipping
Refreshing native plugins compatible for Editor in 0.25 ms, found 0 plugins.
Preloading 0 native plugins for Editor in 0.00 ms.
Unloading 1115 Unused Serialized files (Serialized files now loaded: 0)
System memory in use before: 72.9 MB.
System memory in use after: 73.0 MB.

Unloading 5 unused Assets to reduce memory usage. Loaded Objects now: 1596.
Total: 3.040200 ms (FindLiveObjects: 0.234600 ms CreateObjectMapping: 0.074200 ms MarkObjects: 2.596600 ms  DeleteObjects: 0.133000 ms)

========================================================================
Received Prepare
Assets/PortalAssets/Modelos/Reflect Cube/Portal Refraction Cube.c4d: Unity no longer supports importing Cinema 4D files directly, but we're working with Maxon to make the experience better. To import Cinema 4D files, install Maxon's external importer. You can find more information on the Unity Forum: https://on.unity.com/c4d.

Please note that FBX files exported from Cinema4D are still supported.

Registering precompiled user dll's ...
Registered in 0.000912 seconds.
Begin MonoManager ReloadAssembly
Native extension for WindowsStandalone target not found
Refreshing native plugins compatible for Editor in 0.23 ms, found 0 plugins.
Preloading 0 native plugins for Editor in 0.00 ms.
Invoked RoslynAnalysisRunner static constructor.
RoslynAnalysisRunner will not be running.
RoslynAnalysisRunner has terminated.
Mono: successfully reloaded assembly
- Completed reload, in  0.908 seconds
Platform modules already initialized, skipping
Refreshing native plugins compatible for Editor in 0.26 ms, found 0 plugins.
Preloading 0 native plugins for Editor in 0.00 ms.
Unloading 1115 Unused Serialized files (Serialized files now loaded: 0)
System memory in use before: 72.9 MB.
System memory in use after: 73.0 MB.

Unloading 5 unused Assets to reduce memory usage. Loaded Objects now: 1599.
Total: 2.974800 ms (FindLiveObjects: 0.485000 ms CreateObjectMapping: 0.146500 ms MarkObjects: 2.236000 ms  DeleteObjects: 0.104700 ms)

========================================================================
Received Prepare
Assets/PortalAssets/Modelos/Reflect Cube/Portal Refraction Cube.c4d: Unity no longer supports importing Cinema 4D files directly, but we're working with Maxon to make the experience better. To import Cinema 4D files, install Maxon's external importer. You can find more information on the Unity Forum: https://on.unity.com/c4d.

Please note that FBX files exported from Cinema4D are still supported.

Registering precompiled user dll's ...
Registered in 0.000718 seconds.
Begin MonoManager ReloadAssembly
Native extension for WindowsStandalone target not found
Refreshing native plugins compatible for Editor in 0.36 ms, found 0 plugins.
Preloading 0 native plugins for Editor in 0.00 ms.
Invoked RoslynAnalysisRunner static constructor.
RoslynAnalysisRunner will not be running.
RoslynAnalysisRunner has terminated.
Mono: successfully reloaded assembly
- Completed reload, in  0.880 seconds
Platform modules already initialized, skipping
Refreshing native plugins compatible for Editor in 0.28 ms, found 0 plugins.
Preloading 0 native plugins for Editor in 0.00 ms.
Unloading 1115 Unused Serialized files (Serialized files now loaded: 0)
System memory in use before: 72.9 MB.
System memory in use after: 73.0 MB.

Unloading 5 unused Assets to reduce memory usage. Loaded Objects now: 1602.
Total: 1.770500 ms (FindLiveObjects: 0.143100 ms CreateObjectMapping: 0.035100 ms MarkObjects: 1.475100 ms  DeleteObjects: 0.116300 ms)

========================================================================
Received Prepare
Assets/PortalAssets/Modelos/Reflect Cube/Portal Refraction Cube.c4d: Unity no longer supports importing Cinema 4D files directly, but we're working with Maxon to make the experience better. To import Cinema 4D files, install Maxon's external importer. You can find more information on the Unity Forum: https://on.unity.com/c4d.

Please note that FBX files exported from Cinema4D are still supported.

Registering precompiled user dll's ...
Registered in 0.000755 seconds.
Begin MonoManager ReloadAssembly
Native extension for WindowsStandalone target not found
Refreshing native plugins compatible for Editor in 0.38 ms, found 0 plugins.
Preloading 0 native plugins for Editor in 0.00 ms.
Invoked RoslynAnalysisRunner static constructor.
RoslynAnalysisRunner will not be running.
RoslynAnalysisRunner has terminated.
Mono: successfully reloaded assembly
- Completed reload, in  0.892 seconds
Platform modules already initialized, skipping
Refreshing native plugins compatible for Editor in 0.49 ms, found 0 plugins.
Preloading 0 native plugins for Editor in 0.00 ms.
Unloading 1115 Unused Serialized files (Serialized files now loaded: 0)
System memory in use before: 73.0 MB.
System memory in use after: 73.0 MB.

Unloading 5 unused Assets to reduce memory usage. Loaded Objects now: 1605.
Total: 2.319600 ms (FindLiveObjects: 0.187200 ms CreateObjectMapping: 0.055700 ms MarkObjects: 1.956200 ms  DeleteObjects: 0.117900 ms)

========================================================================
Received Prepare
Assets/PortalAssets/Modelos/Reflect Cube/Portal Refraction Cube.c4d: Unity no longer supports importing Cinema 4D files directly, but we're working with Maxon to make the experience better. To import Cinema 4D files, install Maxon's external importer. You can find more information on the Unity Forum: https://on.unity.com/c4d.

Please note that FBX files exported from Cinema4D are still supported.

Registering precompiled user dll's ...
Registered in 0.000773 seconds.
Begin MonoManager ReloadAssembly
Native extension for WindowsStandalone target not found
Refreshing native plugins compatible for Editor in 0.23 ms, found 0 plugins.
Preloading 0 native plugins for Editor in 0.00 ms.
Invoked RoslynAnalysisRunner static constructor.
RoslynAnalysisRunner will not be running.
RoslynAnalysisRunner has terminated.
Mono: successfully reloaded assembly
- Completed reload, in  1.010 seconds
Platform modules already initialized, skipping
Refreshing native plugins compatible for Editor in 0.29 ms, found 0 plugins.
Preloading 0 native plugins for Editor in 0.00 ms.
Unloading 1115 Unused Serialized files (Serialized files now loaded: 0)
System memory in use before: 73.0 MB.
System memory in use after: 73.0 MB.

Unloading 5 unused Assets to reduce memory usage. Loaded Objects now: 1608.
Total: 2.901300 ms (FindLiveObjects: 0.228600 ms CreateObjectMapping: 0.055800 ms MarkObjects: 2.502200 ms  DeleteObjects: 0.113200 ms)

========================================================================
Received Import Request.
  Time since last request: 897.334251 seconds.
  path: Assets/Scripts/PreviewPortal.cs
  artifactKey: Guid(b1bd0d01f4fba3a4a82df1c727d984ec) Importer(815301076,1909f56bfc062723c751e8b465ee728b)
Start importing Assets/Scripts/PreviewPortal.cs using Guid(b1bd0d01f4fba3a4a82df1c727d984ec) Importer(815301076,1909f56bfc062723c751e8b465ee728b)  -> (artifact id: '32b4ba52fcde08ba5fb52866fd1406a3') in 0.374256 seconds
  Import took 0.377310 seconds .

========================================================================
Received Prepare
Assets/PortalAssets/Modelos/Reflect Cube/Portal Refraction Cube.c4d: Unity no longer supports importing Cinema 4D files directly, but we're working with Maxon to make the experience better. To import Cinema 4D files, install Maxon's external importer. You can find more information on the Unity Forum: https://on.unity.com/c4d.

Please note that FBX files exported from Cinema4D are still supported.

Registering precompiled user dll's ...
Registered in 0.000899 seconds.
Begin MonoManager ReloadAssembly
Native extension for WindowsStandalone target not found
Refreshing native plugins compatible for Editor in 0.28 ms, found 0 plugins.
Preloading 0 native plugins for Editor in 0.00 ms.
Invoked RoslynAnalysisRunner static constructor.
RoslynAnalysisRunner will not be running.
RoslynAnalysisRunner has terminated.
Mono: successfully reloaded assembly
- Completed reload, in  1.155 seconds
Platform modules already initialized, skipping
Refreshing native plugins compatible for Editor in 0.26 ms, found 0 plugins.
Preloading 0 native plugins for Editor in 0.00 ms.
Unloading 1115 Unused Serialized files (Serialized files now loaded: 0)
System memory in use before: 73.0 MB.
System memory in use after: 73.0 MB.

Unloading 5 unused Assets to reduce memory usage. Loaded Objects now: 1611.
Total: 3.111800 ms (FindLiveObjects: 0.205800 ms CreateObjectMapping: 0.047400 ms MarkObjects: 2.761600 ms  DeleteObjects: 0.094200 ms)

========================================================================
Received Import Request.
  Time since last request: 166.871330 seconds.
  path: Assets/Scripts/CompanionSpawner.cs
  artifactKey: Guid(f8f240bcdc307ce48a47caa2a7171610) Importer(815301076,1909f56bfc062723c751e8b465ee728b)
Start importing Assets/Scripts/CompanionSpawner.cs using Guid(f8f240bcdc307ce48a47caa2a7171610) Importer(815301076,1909f56bfc062723c751e8b465ee728b)  -> (artifact id: '19c9efc9ed3150061b239c11317e403a') in 0.007441 seconds
  Import took 0.012265 seconds .

========================================================================
Received Import Request.
  Time since last request: 9.418431 seconds.
  path: Assets/Scripts/ButtonEvent.cs
  artifactKey: Guid(f8f240bcdc307ce48a47caa2a7171610) Importer(815301076,1909f56bfc062723c751e8b465ee728b)
Start importing Assets/Scripts/ButtonEvent.cs using Guid(f8f240bcdc307ce48a47caa2a7171610) Importer(815301076,1909f56bfc062723c751e8b465ee728b)  -> (artifact id: 'd351eaf17b796104fc1552940d3c9ec8') in 0.018128 seconds
  Import took 0.021564 seconds .

========================================================================
Received Import Request.
  Time since last request: 0.010885 seconds.
  path: Assets/Scripts/ButtonEvent.cs
  artifactKey: Guid(f8f240bcdc307ce48a47caa2a7171610) Importer(815301076,1909f56bfc062723c751e8b465ee728b)
Start importing Assets/Scripts/ButtonEvent.cs using Guid(f8f240bcdc307ce48a47caa2a7171610) Importer(815301076,1909f56bfc062723c751e8b465ee728b)  -> (artifact id: 'd351eaf17b796104fc1552940d3c9ec8') in 0.018832 seconds
  Import took 0.023126 seconds .

========================================================================
Received Prepare
Assets/PortalAssets/Modelos/Reflect Cube/Portal Refraction Cube.c4d: Unity no longer supports importing Cinema 4D files directly, but we're working with Maxon to make the experience better. To import Cinema 4D files, install Maxon's external importer. You can find more information on the Unity Forum: https://on.unity.com/c4d.

Please note that FBX files exported from Cinema4D are still supported.

Registering precompiled user dll's ...
Registered in 0.001246 seconds.
Begin MonoManager ReloadAssembly
Native extension for WindowsStandalone target not found
Refreshing native plugins compatible for Editor in 0.22 ms, found 0 plugins.
Preloading 0 native plugins for Editor in 0.00 ms.
Invoked RoslynAnalysisRunner static constructor.
RoslynAnalysisRunner will not be running.
RoslynAnalysisRunner has terminated.
Mono: successfully reloaded assembly
- Completed reload, in  0.929 seconds
Platform modules already initialized, skipping
Refreshing native plugins compatible for Editor in 0.32 ms, found 0 plugins.
Preloading 0 native plugins for Editor in 0.00 ms.
Unloading 1115 Unused Serialized files (Serialized files now loaded: 0)
System memory in use before: 73.0 MB.
System memory in use after: 73.1 MB.

Unloading 5 unused Assets to reduce memory usage. Loaded Objects now: 1614.
Total: 3.462500 ms (FindLiveObjects: 0.331200 ms CreateObjectMapping: 0.134700 ms MarkObjects: 2.852100 ms  DeleteObjects: 0.142100 ms)

========================================================================
Received Prepare
Assets/PortalAssets/Modelos/Reflect Cube/Portal Refraction Cube.c4d: Unity no longer supports importing Cinema 4D files directly, but we're working with Maxon to make the experience better. To import Cinema 4D files, install Maxon's external importer. You can find more information on the Unity Forum: https://on.unity.com/c4d.

Please note that FBX files exported from Cinema4D are still supported.

Registering precompiled user dll's ...
Registered in 0.000705 seconds.
Begin MonoManager ReloadAssembly
Native extension for WindowsStandalone target not found
Refreshing native plugins compatible for Editor in 0.23 ms, found 0 plugins.
Preloading 0 native plugins for Editor in 0.00 ms.
Invoked RoslynAnalysisRunner static constructor.
RoslynAnalysisRunner will not be running.
RoslynAnalysisRunner has terminated.
Mono: successfully reloaded assembly
- Completed reload, in  0.881 seconds
Platform modules already initialized, skipping
Refreshing native plugins compatible for Editor in 0.26 ms, found 0 plugins.
Preloading 0 native plugins for Editor in 0.00 ms.
Unloading 1116 Unused Serialized files (Serialized files now loaded: 0)
System memory in use before: 73.0 MB.
System memory in use after: 73.1 MB.

Unloading 5 unused Assets to reduce memory usage. Loaded Objects now: 1618.
Total: 3.654200 ms (FindLiveObjects: 0.436400 ms CreateObjectMapping: 0.140100 ms MarkObjects: 2.980300 ms  DeleteObjects: 0.095200 ms)

========================================================================
Received Prepare
Assets/PortalAssets/Modelos/Reflect Cube/Portal Refraction Cube.c4d: Unity no longer supports importing Cinema 4D files directly, but we're working with Maxon to make the experience better. To import Cinema 4D files, install Maxon's external importer. You can find more information on the Unity Forum: https://on.unity.com/c4d.

Please note that FBX files exported from Cinema4D are still supported.

Registering precompiled user dll's ...
Registered in 0.000730 seconds.
Begin MonoManager ReloadAssembly
Native extension for WindowsStandalone target not found
Refreshing native plugins compatible for Editor in 0.26 ms, found 0 plugins.
Preloading 0 native plugins for Editor in 0.00 ms.
Invoked RoslynAnalysisRunner static constructor.
RoslynAnalysisRunner will not be running.
RoslynAnalysisRunner has terminated.
Mono: successfully reloaded assembly
- Completed reload, in  0.995 seconds
Platform modules already initialized, skipping
Refreshing native plugins compatible for Editor in 0.24 ms, found 0 plugins.
Preloading 0 native plugins for Editor in 0.00 ms.
Unloading 1116 Unused Serialized files (Serialized files now loaded: 0)
System memory in use before: 73.0 MB.
System memory in use after: 73.1 MB.

Unloading 5 unused Assets to reduce memory usage. Loaded Objects now: 1621.
Total: 2.408000 ms (FindLiveObjects: 0.230300 ms CreateObjectMapping: 0.061100 ms MarkObjects: 1.915200 ms  DeleteObjects: 0.200200 ms)

========================================================================
Received Prepare
Assets/PortalAssets/Modelos/Reflect Cube/Portal Refraction Cube.c4d: Unity no longer supports importing Cinema 4D files directly, but we're working with Maxon to make the experience better. To import Cinema 4D files, install Maxon's external importer. You can find more information on the Unity Forum: https://on.unity.com/c4d.

Please note that FBX files exported from Cinema4D are still supported.

Registering precompiled user dll's ...
Registered in 0.000657 seconds.
Begin MonoManager ReloadAssembly
Native extension for WindowsStandalone target not found
Refreshing native plugins compatible for Editor in 0.34 ms, found 0 plugins.
Preloading 0 native plugins for Editor in 0.00 ms.
Invoked RoslynAnalysisRunner static constructor.
RoslynAnalysisRunner will not be running.
RoslynAnalysisRunner has terminated.
Mono: successfully reloaded assembly
- Completed reload, in  0.863 seconds
Platform modules already initialized, skipping
Refreshing native plugins compatible for Editor in 0.25 ms, found 0 plugins.
Preloading 0 native plugins for Editor in 0.00 ms.
Unloading 1116 Unused Serialized files (Serialized files now loaded: 0)
System memory in use before: 73.0 MB.
System memory in use after: 73.1 MB.

Unloading 5 unused Assets to reduce memory usage. Loaded Objects now: 1624.
Total: 4.425000 ms (FindLiveObjects: 0.302000 ms CreateObjectMapping: 0.163500 ms MarkObjects: 3.816200 ms  DeleteObjects: 0.141300 ms)

========================================================================
Received Import Request.
  Time since last request: 711.349369 seconds.
  path: Assets/Scripts/CompanionSpawner.cs
  artifactKey: Guid(a988f2e650629fe4ab27a29f56d76ea8) Importer(815301076,1909f56bfc062723c751e8b465ee728b)
Start importing Assets/Scripts/CompanionSpawner.cs using Guid(a988f2e650629fe4ab27a29f56d76ea8) Importer(815301076,1909f56bfc062723c751e8b465ee728b)  -> (artifact id: '20df3644545eef31fa6a188c33c467c9') in 0.007562 seconds
  Import took 0.010083 seconds .

========================================================================
Received Prepare
Assets/PortalAssets/Modelos/Reflect Cube/Portal Refraction Cube.c4d: Unity no longer supports importing Cinema 4D files directly, but we're working with Maxon to make the experience better. To import Cinema 4D files, install Maxon's external importer. You can find more information on the Unity Forum: https://on.unity.com/c4d.

Please note that FBX files exported from Cinema4D are still supported.

Registering precompiled user dll's ...
Registered in 0.000748 seconds.
Begin MonoManager ReloadAssembly
Native extension for WindowsStandalone target not found
Refreshing native plugins compatible for Editor in 0.23 ms, found 0 plugins.
Preloading 0 native plugins for Editor in 0.00 ms.
Invoked RoslynAnalysisRunner static constructor.
RoslynAnalysisRunner will not be running.
RoslynAnalysisRunner has terminated.
Mono: successfully reloaded assembly
- Completed reload, in  0.886 seconds
Platform modules already initialized, skipping
Refreshing native plugins compatible for Editor in 0.38 ms, found 0 plugins.
Preloading 0 native plugins for Editor in 0.00 ms.
Unloading 1116 Unused Serialized files (Serialized files now loaded: 0)
System memory in use before: 73.0 MB.
System memory in use after: 73.1 MB.

Unloading 5 unused Assets to reduce memory usage. Loaded Objects now: 1627.
Total: 2.309000 ms (FindLiveObjects: 0.248200 ms CreateObjectMapping: 0.044500 ms MarkObjects: 1.893500 ms  DeleteObjects: 0.121000 ms)

========================================================================
Received Import Request.
  Time since last request: 72.581180 seconds.
  path: Assets/Scripts/ButtonEvent.cs
  artifactKey: Guid(f8f240bcdc307ce48a47caa2a7171610) Importer(815301076,1909f56bfc062723c751e8b465ee728b)
Start importing Assets/Scripts/ButtonEvent.cs using Guid(f8f240bcdc307ce48a47caa2a7171610) Importer(815301076,1909f56bfc062723c751e8b465ee728b)  -> (artifact id: '3245d926797f842baf165291a0079c54') in 0.008054 seconds
  Import took 0.011501 seconds .

========================================================================
Received Import Request.
  Time since last request: 1.147480 seconds.
  path: Assets/Scripts/CompanionSpawner.cs
  artifactKey: Guid(a988f2e650629fe4ab27a29f56d76ea8) Importer(815301076,1909f56bfc062723c751e8b465ee728b)
Start importing Assets/Scripts/CompanionSpawner.cs using Guid(a988f2e650629fe4ab27a29f56d76ea8) Importer(815301076,1909f56bfc062723c751e8b465ee728b)  -> (artifact id: '8b1db5ddd5beeafc9845eebcb48fe846') in 0.004190 seconds
  Import took 0.007002 seconds .

========================================================================
Received Import Request.
  Time since last request: 65.648159 seconds.
  path: Assets/Scripts/PlayerButtonPressed.cs
  artifactKey: Guid(6d1d30da76f106d4db9457228fcfbf0f) Importer(815301076,1909f56bfc062723c751e8b465ee728b)
Start importing Assets/Scripts/PlayerButtonPressed.cs using Guid(6d1d30da76f106d4db9457228fcfbf0f) Importer(815301076,1909f56bfc062723c751e8b465ee728b)  -> (artifact id: '91711fedc2f4701628e1b2c51a29bc88') in 0.045968 seconds
  Import took 0.048641 seconds .

========================================================================
Received Prepare
Assets/PortalAssets/Modelos/Reflect Cube/Portal Refraction Cube.c4d: Unity no longer supports importing Cinema 4D files directly, but we're working with Maxon to make the experience better. To import Cinema 4D files, install Maxon's external importer. You can find more information on the Unity Forum: https://on.unity.com/c4d.

Please note that FBX files exported from Cinema4D are still supported.

Registering precompiled user dll's ...
Registered in 0.001001 seconds.
Begin MonoManager ReloadAssembly
Native extension for WindowsStandalone target not found
Refreshing native plugins compatible for Editor in 0.24 ms, found 0 plugins.
Preloading 0 native plugins for Editor in 0.00 ms.
Invoked RoslynAnalysisRunner static constructor.
RoslynAnalysisRunner will not be running.
RoslynAnalysisRunner has terminated.
Mono: successfully reloaded assembly
- Completed reload, in  1.010 seconds
Platform modules already initialized, skipping
Refreshing native plugins compatible for Editor in 0.28 ms, found 0 plugins.
Preloading 0 native plugins for Editor in 0.00 ms.
Unloading 1117 Unused Serialized files (Serialized files now loaded: 0)
System memory in use before: 73.0 MB.
System memory in use after: 73.1 MB.

Unloading 5 unused Assets to reduce memory usage. Loaded Objects now: 1631.
Total: 5.409000 ms (FindLiveObjects: 0.356300 ms CreateObjectMapping: 0.134100 ms MarkObjects: 4.714300 ms  DeleteObjects: 0.201100 ms)

========================================================================
Received Prepare
Assets/PortalAssets/Modelos/Reflect Cube/Portal Refraction Cube.c4d: Unity no longer supports importing Cinema 4D files directly, but we're working with Maxon to make the experience better. To import Cinema 4D files, install Maxon's external importer. You can find more information on the Unity Forum: https://on.unity.com/c4d.

Please note that FBX files exported from Cinema4D are still supported.

Registering precompiled user dll's ...
Registered in 0.000925 seconds.
Begin MonoManager ReloadAssembly
Native extension for WindowsStandalone target not found
Refreshing native plugins compatible for Editor in 0.43 ms, found 0 plugins.
Preloading 0 native plugins for Editor in 0.00 ms.
Invoked RoslynAnalysisRunner static constructor.
RoslynAnalysisRunner will not be running.
RoslynAnalysisRunner has terminated.
Mono: successfully reloaded assembly
- Completed reload, in  0.973 seconds
Platform modules already initialized, skipping
Refreshing native plugins compatible for Editor in 0.28 ms, found 0 plugins.
Preloading 0 native plugins for Editor in 0.00 ms.
Unloading 1116 Unused Serialized files (Serialized files now loaded: 0)
System memory in use before: 73.0 MB.
System memory in use after: 73.1 MB.

Unloading 6 unused Assets to reduce memory usage. Loaded Objects now: 1633.
Total: 2.860000 ms (FindLiveObjects: 0.158100 ms CreateObjectMapping: 0.046000 ms MarkObjects: 2.525500 ms  DeleteObjects: 0.128200 ms)

========================================================================
Received Import Request.
  Time since last request: 30.833830 seconds.
  path: Assets/Scripts/PlayerButtonPresser.cs
  artifactKey: Guid(e70565edf5168084eb084a0fc33dd6b5) Importer(815301076,1909f56bfc062723c751e8b465ee728b)
Start importing Assets/Scripts/PlayerButtonPresser.cs using Guid(e70565edf5168084eb084a0fc33dd6b5) Importer(815301076,1909f56bfc062723c751e8b465ee728b)  -> (artifact id: 'a7eeda41071664c7bdc13defa714a288') in 0.011741 seconds
  Import took 0.014831 seconds .

========================================================================
Received Prepare
Assets/PortalAssets/Modelos/Reflect Cube/Portal Refraction Cube.c4d: Unity no longer supports importing Cinema 4D files directly, but we're working with Maxon to make the experience better. To import Cinema 4D files, install Maxon's external importer. You can find more information on the Unity Forum: https://on.unity.com/c4d.

Please note that FBX files exported from Cinema4D are still supported.

Registering precompiled user dll's ...
Registered in 0.000704 seconds.
Begin MonoManager ReloadAssembly
Native extension for WindowsStandalone target not found
Refreshing native plugins compatible for Editor in 0.24 ms, found 0 plugins.
Preloading 0 native plugins for Editor in 0.00 ms.
Invoked RoslynAnalysisRunner static constructor.
RoslynAnalysisRunner will not be running.
RoslynAnalysisRunner has terminated.
Mono: successfully reloaded assembly
- Completed reload, in  0.959 seconds
Platform modules already initialized, skipping
Refreshing native plugins compatible for Editor in 0.24 ms, found 0 plugins.
Preloading 0 native plugins for Editor in 0.00 ms.
Unloading 1117 Unused Serialized files (Serialized files now loaded: 0)
System memory in use before: 73.1 MB.
System memory in use after: 73.1 MB.

Unloading 5 unused Assets to reduce memory usage. Loaded Objects now: 1637.
Total: 4.486500 ms (FindLiveObjects: 0.352700 ms CreateObjectMapping: 0.121100 ms MarkObjects: 3.871600 ms  DeleteObjects: 0.138600 ms)

========================================================================
Received Prepare
Assets/PortalAssets/Modelos/Reflect Cube/Portal Refraction Cube.c4d: Unity no longer supports importing Cinema 4D files directly, but we're working with Maxon to make the experience better. To import Cinema 4D files, install Maxon's external importer. You can find more information on the Unity Forum: https://on.unity.com/c4d.

Please note that FBX files exported from Cinema4D are still supported.

Registering precompiled user dll's ...
Registered in 0.000692 seconds.
Begin MonoManager ReloadAssembly
Native extension for WindowsStandalone target not found
Refreshing native plugins compatible for Editor in 0.23 ms, found 0 plugins.
Preloading 0 native plugins for Editor in 0.00 ms.
Invoked RoslynAnalysisRunner static constructor.
RoslynAnalysisRunner will not be running.
RoslynAnalysisRunner has terminated.
Mono: successfully reloaded assembly
- Completed reload, in  0.896 seconds
Platform modules already initialized, skipping
Refreshing native plugins compatible for Editor in 0.28 ms, found 0 plugins.
Preloading 0 native plugins for Editor in 0.00 ms.
Unloading 1117 Unused Serialized files (Serialized files now loaded: 0)
System memory in use before: 73.1 MB.
System memory in use after: 73.1 MB.

Unloading 5 unused Assets to reduce memory usage. Loaded Objects now: 1640.
Total: 2.287000 ms (FindLiveObjects: 0.488800 ms CreateObjectMapping: 0.065700 ms MarkObjects: 1.625700 ms  DeleteObjects: 0.104800 ms)

========================================================================
Received Import Request.
  Time since last request: 239.339790 seconds.
  path: Assets/Scripts/PlayerButtonPresser.cs
  artifactKey: Guid(e70565edf5168084eb084a0fc33dd6b5) Importer(815301076,1909f56bfc062723c751e8b465ee728b)
Start importing Assets/Scripts/PlayerButtonPresser.cs using Guid(e70565edf5168084eb084a0fc33dd6b5) Importer(815301076,1909f56bfc062723c751e8b465ee728b)  -> (artifact id: '12b19eac2ba8d49cb20dba6ade3b51ab') in 0.008383 seconds
  Import took 0.011690 seconds .

========================================================================
Received Import Request.
  Time since last request: 28.808605 seconds.
  path: Assets/Prefabs/Player.prefab
  artifactKey: Guid(c93bba61197282d47ae6574197bd830d) Importer(815301076,1909f56bfc062723c751e8b465ee728b)
Start importing Assets/Prefabs/Player.prefab using Guid(c93bba61197282d47ae6574197bd830d) Importer(815301076,1909f56bfc062723c751e8b465ee728b)  -> (artifact id: 'cedd2fe96370ccfaf62f83575030017c') in 0.432172 seconds
  Import took 0.447871 seconds .

========================================================================
Received Import Request.
  Time since last request: 5.912766 seconds.
  path: Assets/Prefabs/Player.prefab
  artifactKey: Guid(c93bba61197282d47ae6574197bd830d) Importer(815301076,1909f56bfc062723c751e8b465ee728b)
Start importing Assets/Prefabs/Player.prefab using Guid(c93bba61197282d47ae6574197bd830d) Importer(815301076,1909f56bfc062723c751e8b465ee728b)  -> (artifact id: 'b3f29f8211a65df5cf0ebc74fc5cbfac') in 0.018726 seconds
  Import took 0.022675 seconds .

========================================================================
Received Prepare
Assets/PortalAssets/Modelos/Reflect Cube/Portal Refraction Cube.c4d: Unity no longer supports importing Cinema 4D files directly, but we're working with Maxon to make the experience better. To import Cinema 4D files, install Maxon's external importer. You can find more information on the Unity Forum: https://on.unity.com/c4d.

Please note that FBX files exported from Cinema4D are still supported.

Registering precompiled user dll's ...
Registered in 0.000740 seconds.
Begin MonoManager ReloadAssembly
Native extension for WindowsStandalone target not found
Refreshing native plugins compatible for Editor in 0.25 ms, found 0 plugins.
Preloading 0 native plugins for Editor in 0.00 ms.
Invoked RoslynAnalysisRunner static constructor.
RoslynAnalysisRunner will not be running.
RoslynAnalysisRunner has terminated.
Mono: successfully reloaded assembly
- Completed reload, in  0.843 seconds
Platform modules already initialized, skipping
Refreshing native plugins compatible for Editor in 0.25 ms, found 0 plugins.
Preloading 0 native plugins for Editor in 0.00 ms.
Unloading 1117 Unused Serialized files (Serialized files now loaded: 0)
System memory in use before: 73.1 MB.
System memory in use after: 73.2 MB.

Unloading 5 unused Assets to reduce memory usage. Loaded Objects now: 1645.
Total: 3.109000 ms (FindLiveObjects: 0.408200 ms CreateObjectMapping: 0.139600 ms MarkObjects: 2.449100 ms  DeleteObjects: 0.109900 ms)

========================================================================
Received Import Request.
  Time since last request: 342.770631 seconds.
  path: Assets/Scripts/GravityGun.cs
  artifactKey: Guid(64b79e9af3d4a134995cda848fee3a74) Importer(815301076,1909f56bfc062723c751e8b465ee728b)
Start importing Assets/Scripts/GravityGun.cs using Guid(64b79e9af3d4a134995cda848fee3a74) Importer(815301076,1909f56bfc062723c751e8b465ee728b)  -> (artifact id: '5f506c624cd6a4e62efc982217474f94') in 0.012909 seconds
  Import took 0.148647 seconds .

========================================================================
Received Prepare
Assets/PortalAssets/Modelos/Reflect Cube/Portal Refraction Cube.c4d: Unity no longer supports importing Cinema 4D files directly, but we're working with Maxon to make the experience better. To import Cinema 4D files, install Maxon's external importer. You can find more information on the Unity Forum: https://on.unity.com/c4d.

Please note that FBX files exported from Cinema4D are still supported.

Registering precompiled user dll's ...
Registered in 0.001244 seconds.
Begin MonoManager ReloadAssembly
Native extension for WindowsStandalone target not found
Refreshing native plugins compatible for Editor in 0.22 ms, found 0 plugins.
Preloading 0 native plugins for Editor in 0.00 ms.
Invoked RoslynAnalysisRunner static constructor.
RoslynAnalysisRunner will not be running.
RoslynAnalysisRunner has terminated.
Mono: successfully reloaded assembly
- Completed reload, in  0.888 seconds
Platform modules already initialized, skipping
Refreshing native plugins compatible for Editor in 0.26 ms, found 0 plugins.
Preloading 0 native plugins for Editor in 0.00 ms.
Unloading 1117 Unused Serialized files (Serialized files now loaded: 0)
System memory in use before: 73.1 MB.
System memory in use after: 73.2 MB.

Unloading 5 unused Assets to reduce memory usage. Loaded Objects now: 1648.
Total: 2.684800 ms (FindLiveObjects: 0.246900 ms CreateObjectMapping: 0.067200 ms MarkObjects: 2.268400 ms  DeleteObjects: 0.101100 ms)

========================================================================
Received Prepare
Assets/PortalAssets/Modelos/Reflect Cube/Portal Refraction Cube.c4d: Unity no longer supports importing Cinema 4D files directly, but we're working with Maxon to make the experience better. To import Cinema 4D files, install Maxon's external importer. You can find more information on the Unity Forum: https://on.unity.com/c4d.

Please note that FBX files exported from Cinema4D are still supported.

Registering precompiled user dll's ...
Registered in 0.000780 seconds.
Begin MonoManager ReloadAssembly
Native extension for WindowsStandalone target not found
Refreshing native plugins compatible for Editor in 0.33 ms, found 0 plugins.
Preloading 0 native plugins for Editor in 0.00 ms.
Invoked RoslynAnalysisRunner static constructor.
RoslynAnalysisRunner will not be running.
RoslynAnalysisRunner has terminated.
Mono: successfully reloaded assembly
- Completed reload, in  0.875 seconds
Platform modules already initialized, skipping
Refreshing native plugins compatible for Editor in 0.25 ms, found 0 plugins.
Preloading 0 native plugins for Editor in 0.00 ms.
Unloading 1117 Unused Serialized files (Serialized files now loaded: 0)
System memory in use before: 73.1 MB.
System memory in use after: 73.2 MB.

Unloading 5 unused Assets to reduce memory usage. Loaded Objects now: 1651.
Total: 1.946200 ms (FindLiveObjects: 0.211200 ms CreateObjectMapping: 0.045700 ms MarkObjects: 1.571500 ms  DeleteObjects: 0.116700 ms)

========================================================================
Received Prepare
Assets/PortalAssets/Modelos/Reflect Cube/Portal Refraction Cube.c4d: Unity no longer supports importing Cinema 4D files directly, but we're working with Maxon to make the experience better. To import Cinema 4D files, install Maxon's external importer. You can find more information on the Unity Forum: https://on.unity.com/c4d.

Please note that FBX files exported from Cinema4D are still supported.

Registering precompiled user dll's ...
Registered in 0.000889 seconds.
Begin MonoManager ReloadAssembly
Native extension for WindowsStandalone target not found
Refreshing native plugins compatible for Editor in 0.27 ms, found 0 plugins.
Preloading 0 native plugins for Editor in 0.00 ms.
Invoked RoslynAnalysisRunner static constructor.
RoslynAnalysisRunner will not be running.
RoslynAnalysisRunner has terminated.
Mono: successfully reloaded assembly
- Completed reload, in  0.779 seconds
Platform modules already initialized, skipping
Refreshing native plugins compatible for Editor in 0.26 ms, found 0 plugins.
Preloading 0 native plugins for Editor in 0.00 ms.
Unloading 1117 Unused Serialized files (Serialized files now loaded: 0)
System memory in use before: 73.2 MB.
System memory in use after: 73.3 MB.

Unloading 5 unused Assets to reduce memory usage. Loaded Objects now: 1654.
Total: 2.091300 ms (FindLiveObjects: 0.228700 ms CreateObjectMapping: 0.065900 ms MarkObjects: 1.669200 ms  DeleteObjects: 0.125700 ms)

========================================================================
Received Prepare
Assets/PortalAssets/Modelos/Reflect Cube/Portal Refraction Cube.c4d: Unity no longer supports importing Cinema 4D files directly, but we're working with Maxon to make the experience better. To import Cinema 4D files, install Maxon's external importer. You can find more information on the Unity Forum: https://on.unity.com/c4d.

Please note that FBX files exported from Cinema4D are still supported.

Registering precompiled user dll's ...
Registered in 0.001060 seconds.
Begin MonoManager ReloadAssembly
Native extension for WindowsStandalone target not found
Refreshing native plugins compatible for Editor in 0.23 ms, found 0 plugins.
Preloading 0 native plugins for Editor in 0.00 ms.
Invoked RoslynAnalysisRunner static constructor.
RoslynAnalysisRunner will not be running.
RoslynAnalysisRunner has terminated.
Mono: successfully reloaded assembly
- Completed reload, in  0.860 seconds
Platform modules already initialized, skipping
Refreshing native plugins compatible for Editor in 0.27 ms, found 0 plugins.
Preloading 0 native plugins for Editor in 0.00 ms.
Unloading 1117 Unused Serialized files (Serialized files now loaded: 0)
System memory in use before: 73.2 MB.
System memory in use after: 73.3 MB.

Unloading 5 unused Assets to reduce memory usage. Loaded Objects now: 1657.
Total: 2.796600 ms (FindLiveObjects: 0.254700 ms CreateObjectMapping: 0.070000 ms MarkObjects: 2.337000 ms  DeleteObjects: 0.132800 ms)

========================================================================
Received Prepare
Assets/PortalAssets/Modelos/Reflect Cube/Portal Refraction Cube.c4d: Unity no longer supports importing Cinema 4D files directly, but we're working with Maxon to make the experience better. To import Cinema 4D files, install Maxon's external importer. You can find more information on the Unity Forum: https://on.unity.com/c4d.

Please note that FBX files exported from Cinema4D are still supported.

Registering precompiled user dll's ...
Registered in 0.000773 seconds.
Begin MonoManager ReloadAssembly
Native extension for WindowsStandalone target not found
Refreshing native plugins compatible for Editor in 0.31 ms, found 0 plugins.
Preloading 0 native plugins for Editor in 0.00 ms.
Invoked RoslynAnalysisRunner static constructor.
RoslynAnalysisRunner will not be running.
RoslynAnalysisRunner has terminated.
Mono: successfully reloaded assembly
- Completed reload, in  0.839 seconds
Platform modules already initialized, skipping
Refreshing native plugins compatible for Editor in 0.29 ms, found 0 plugins.
Preloading 0 native plugins for Editor in 0.00 ms.
Unloading 1117 Unused Serialized files (Serialized files now loaded: 0)
System memory in use before: 73.2 MB.
System memory in use after: 73.3 MB.

Unloading 5 unused Assets to reduce memory usage. Loaded Objects now: 1660.
Total: 2.175400 ms (FindLiveObjects: 0.312900 ms CreateObjectMapping: 0.077100 ms MarkObjects: 1.649000 ms  DeleteObjects: 0.134900 ms)

========================================================================
Received Prepare
Assets/PortalAssets/Modelos/Reflect Cube/Portal Refraction Cube.c4d: Unity no longer supports importing Cinema 4D files directly, but we're working with Maxon to make the experience better. To import Cinema 4D files, install Maxon's external importer. You can find more information on the Unity Forum: https://on.unity.com/c4d.

Please note that FBX files exported from Cinema4D are still supported.

Registering precompiled user dll's ...
Registered in 0.000751 seconds.
Begin MonoManager ReloadAssembly
Native extension for WindowsStandalone target not found
Refreshing native plugins compatible for Editor in 0.36 ms, found 0 plugins.
Preloading 0 native plugins for Editor in 0.00 ms.
Invoked RoslynAnalysisRunner static constructor.
RoslynAnalysisRunner will not be running.
RoslynAnalysisRunner has terminated.
Mono: successfully reloaded assembly
- Completed reload, in  0.866 seconds
Platform modules already initialized, skipping
Refreshing native plugins compatible for Editor in 0.24 ms, found 0 plugins.
Preloading 0 native plugins for Editor in 0.00 ms.
Unloading 1117 Unused Serialized files (Serialized files now loaded: 0)
System memory in use before: 73.2 MB.
System memory in use after: 73.3 MB.

Unloading 5 unused Assets to reduce memory usage. Loaded Objects now: 1663.
Total: 2.857800 ms (FindLiveObjects: 0.313000 ms CreateObjectMapping: 0.135800 ms MarkObjects: 2.317100 ms  DeleteObjects: 0.090900 ms)

========================================================================
Received Prepare
Assets/PortalAssets/Modelos/Reflect Cube/Portal Refraction Cube.c4d: Unity no longer supports importing Cinema 4D files directly, but we're working with Maxon to make the experience better. To import Cinema 4D files, install Maxon's external importer. You can find more information on the Unity Forum: https://on.unity.com/c4d.

Please note that FBX files exported from Cinema4D are still supported.

Registering precompiled user dll's ...
Registered in 0.000767 seconds.
Begin MonoManager ReloadAssembly
Native extension for WindowsStandalone target not found
Refreshing native plugins compatible for Editor in 0.30 ms, found 0 plugins.
Preloading 0 native plugins for Editor in 0.00 ms.
Invoked RoslynAnalysisRunner static constructor.
RoslynAnalysisRunner will not be running.
RoslynAnalysisRunner has terminated.
Mono: successfully reloaded assembly
- Completed reload, in  1.035 seconds
Platform modules already initialized, skipping
Refreshing native plugins compatible for Editor in 0.41 ms, found 0 plugins.
Preloading 0 native plugins for Editor in 0.00 ms.
Unloading 1117 Unused Serialized files (Serialized files now loaded: 0)
System memory in use before: 73.2 MB.
System memory in use after: 73.3 MB.

Unloading 5 unused Assets to reduce memory usage. Loaded Objects now: 1666.
Total: 2.794000 ms (FindLiveObjects: 0.240400 ms CreateObjectMapping: 0.058100 ms MarkObjects: 2.399800 ms  DeleteObjects: 0.094000 ms)

========================================================================
Received Import Request.
  Time since last request: 1795.789800 seconds.
  path: Assets/Scripts/Teleportable.cs
  artifactKey: Guid(fe9abe9b7e4ce7440adbd8eadd63e706) Importer(815301076,1909f56bfc062723c751e8b465ee728b)
Start importing Assets/Scripts/Teleportable.cs using Guid(fe9abe9b7e4ce7440adbd8eadd63e706) Importer(815301076,1909f56bfc062723c751e8b465ee728b)  -> (artifact id: '24e98ffc0ff262a6cd2eebec95d4470f') in 0.112698 seconds
  Import took 0.145671 seconds .

========================================================================
Received Prepare
Assets/PortalAssets/Modelos/Reflect Cube/Portal Refraction Cube.c4d: Unity no longer supports importing Cinema 4D files directly, but we're working with Maxon to make the experience better. To import Cinema 4D files, install Maxon's external importer. You can find more information on the Unity Forum: https://on.unity.com/c4d.

Please note that FBX files exported from Cinema4D are still supported.

Registering precompiled user dll's ...
Registered in 0.000712 seconds.
Begin MonoManager ReloadAssembly
Native extension for WindowsStandalone target not found
Refreshing native plugins compatible for Editor in 0.27 ms, found 0 plugins.
Preloading 0 native plugins for Editor in 0.00 ms.
Invoked RoslynAnalysisRunner static constructor.
RoslynAnalysisRunner will not be running.
RoslynAnalysisRunner has terminated.
Mono: successfully reloaded assembly
- Completed reload, in  0.880 seconds
Platform modules already initialized, skipping
Refreshing native plugins compatible for Editor in 0.27 ms, found 0 plugins.
Preloading 0 native plugins for Editor in 0.00 ms.
Unloading 1117 Unused Serialized files (Serialized files now loaded: 0)
System memory in use before: 73.2 MB.
System memory in use after: 73.3 MB.

Unloading 5 unused Assets to reduce memory usage. Loaded Objects now: 1669.
Total: 2.625600 ms (FindLiveObjects: 0.239300 ms CreateObjectMapping: 0.039400 ms MarkObjects: 2.197500 ms  DeleteObjects: 0.148400 ms)

========================================================================
Received Prepare
Assets/PortalAssets/Modelos/Reflect Cube/Portal Refraction Cube.c4d: Unity no longer supports importing Cinema 4D files directly, but we're working with Maxon to make the experience better. To import Cinema 4D files, install Maxon's external importer. You can find more information on the Unity Forum: https://on.unity.com/c4d.

Please note that FBX files exported from Cinema4D are still supported.

Registering precompiled user dll's ...
Registered in 0.000940 seconds.
Begin MonoManager ReloadAssembly
Native extension for WindowsStandalone target not found
Refreshing native plugins compatible for Editor in 0.26 ms, found 0 plugins.
Preloading 0 native plugins for Editor in 0.00 ms.
Invoked RoslynAnalysisRunner static constructor.
RoslynAnalysisRunner will not be running.
RoslynAnalysisRunner has terminated.
Mono: successfully reloaded assembly
- Completed reload, in  0.882 seconds
Platform modules already initialized, skipping
Refreshing native plugins compatible for Editor in 0.25 ms, found 0 plugins.
Preloading 0 native plugins for Editor in 0.00 ms.
Unloading 1117 Unused Serialized files (Serialized files now loaded: 0)
System memory in use before: 73.2 MB.
System memory in use after: 73.3 MB.

Unloading 5 unused Assets to reduce memory usage. Loaded Objects now: 1672.
Total: 2.019900 ms (FindLiveObjects: 0.238200 ms CreateObjectMapping: 0.081200 ms MarkObjects: 1.570300 ms  DeleteObjects: 0.128200 ms)

========================================================================
Received Prepare
Assets/PortalAssets/Modelos/Reflect Cube/Portal Refraction Cube.c4d: Unity no longer supports importing Cinema 4D files directly, but we're working with Maxon to make the experience better. To import Cinema 4D files, install Maxon's external importer. You can find more information on the Unity Forum: https://on.unity.com/c4d.

Please note that FBX files exported from Cinema4D are still supported.

Registering precompiled user dll's ...
Registered in 0.000841 seconds.
Begin MonoManager ReloadAssembly
Native extension for WindowsStandalone target not found
Refreshing native plugins compatible for Editor in 0.23 ms, found 0 plugins.
Preloading 0 native plugins for Editor in 0.00 ms.
Invoked RoslynAnalysisRunner static constructor.
RoslynAnalysisRunner will not be running.
RoslynAnalysisRunner has terminated.
Mono: successfully reloaded assembly
- Completed reload, in  0.926 seconds
Platform modules already initialized, skipping
Refreshing native plugins compatible for Editor in 0.29 ms, found 0 plugins.
Preloading 0 native plugins for Editor in 0.00 ms.
Unloading 1117 Unused Serialized files (Serialized files now loaded: 0)
System memory in use before: 73.2 MB.
System memory in use after: 73.3 MB.

Unloading 5 unused Assets to reduce memory usage. Loaded Objects now: 1675.
Total: 2.805400 ms (FindLiveObjects: 0.323500 ms CreateObjectMapping: 0.078000 ms MarkObjects: 2.275600 ms  DeleteObjects: 0.127000 ms)

AssetImportWorkerClient::OnTransportError - code=2 error=End of file
